<?xml version="1.0" encoding="UTF-8"?>
<!-- Generated by org.testng.reporters.JUnitXMLReporter -->
<testsuite hostname="sbcomputers-PC" ignored="0" name="Test" tests="1" failures="1" timestamp="01 Jun 2018 07:13:56 GMT" time="50.505" errors="0">
  <testcase name="login" time="3.588" classname="com.automation.ecommerce.Ecommerce.TC001_login">
    <failure type="java.lang.Error" message="Unresolved compilation problem: 
	The return type is incompatible with BasePage.randomNumber()
">
      <![CDATA[java.lang.Error: Unresolved compilation problem: 
The return type is incompatible with BasePage.randomNumber()

at com.automation.ecommerce.pageui.Customerregistration.randomNumber(Customerregistration.java:80)
at com.automation.ecommerce.pageui.Customerregistration.CustermerRegistration(Customerregistration.java:44)
at com.automation.ecommerce.Ecommerce.TC001_login.login(TC001_login.java:25)
... Removed 28 stack frames]]>
    </failure>
  </testcase> <!-- login -->
</testsuite> <!-- Test -->
