<?xml version="1.0" encoding="UTF-8"?>
<testng-results skipped="0" failed="1" ignored="0" total="1" passed="0">
  <reporter-output>
  </reporter-output>
  <suite name="Suite" duration-ms="50505" started-at="2018-06-01T07:13:05Z" finished-at="2018-06-01T07:13:56Z">
    <groups>
    </groups>
    <test name="Test" duration-ms="50505" started-at="2018-06-01T07:13:05Z" finished-at="2018-06-01T07:13:56Z">
      <class name="com.automation.ecommerce.Ecommerce.TC001_login">
        <test-method status="PASS" signature="startprocess(java.lang.String)[pri:0, instance:com.automation.ecommerce.Ecommerce.TC001_login@1dfe2924]" name="startprocess" is-config="true" duration-ms="46822" started-at="2018-06-01T07:13:05Z" finished-at="2018-06-01T07:13:52Z">
          <params>
            <param index="0">
              <value>
                <![CDATA[chrome]]>
              </value>
            </param>
          </params>
          <reporter-output>
          </reporter-output>
        </test-method> <!-- startprocess -->
        <test-method status="FAIL" signature="login()[pri:0, instance:com.automation.ecommerce.Ecommerce.TC001_login@1dfe2924]" name="login" duration-ms="3588" started-at="2018-06-01T07:13:52Z" finished-at="2018-06-01T07:13:56Z">
          <exception class="java.lang.Error">
            <message>
              <![CDATA[Unresolved compilation problem: 
The return type is incompatible with BasePage.randomNumber()
]]>
            </message>
            <full-stacktrace>
              <![CDATA[java.lang.Error: Unresolved compilation problem: 
The return type is incompatible with BasePage.randomNumber()

at com.automation.ecommerce.pageui.Customerregistration.randomNumber(Customerregistration.java:80)
at com.automation.ecommerce.pageui.Customerregistration.CustermerRegistration(Customerregistration.java:44)
at com.automation.ecommerce.Ecommerce.TC001_login.login(TC001_login.java:25)
at sun.reflect.NativeMethodAccessorImpl.invoke0(Native Method)
at sun.reflect.NativeMethodAccessorImpl.invoke(NativeMethodAccessorImpl.java:62)
at sun.reflect.DelegatingMethodAccessorImpl.invoke(DelegatingMethodAccessorImpl.java:43)
at java.lang.reflect.Method.invoke(Method.java:498)
at org.testng.internal.MethodInvocationHelper.invokeMethod(MethodInvocationHelper.java:124)
at org.testng.internal.Invoker.invokeMethod(Invoker.java:583)
at org.testng.internal.Invoker.invokeTestMethod(Invoker.java:719)
at org.testng.internal.Invoker.invokeTestMethods(Invoker.java:989)
at org.testng.internal.TestMethodWorker.invokeTestMethods(TestMethodWorker.java:125)
at org.testng.internal.TestMethodWorker.run(TestMethodWorker.java:109)
at org.testng.TestRunner.privateRun(TestRunner.java:648)
at org.testng.TestRunner.run(TestRunner.java:505)
at org.testng.SuiteRunner.runTest(SuiteRunner.java:455)
at org.testng.SuiteRunner.runSequentially(SuiteRunner.java:450)
at org.testng.SuiteRunner.privateRun(SuiteRunner.java:415)
at org.testng.SuiteRunner.run(SuiteRunner.java:364)
at org.testng.SuiteRunnerWorker.runSuite(SuiteRunnerWorker.java:52)
at org.testng.SuiteRunnerWorker.run(SuiteRunnerWorker.java:84)
at org.testng.TestNG.runSuitesSequentially(TestNG.java:1208)
at org.testng.TestNG.runSuitesLocally(TestNG.java:1137)
at org.testng.TestNG.runSuites(TestNG.java:1049)
at org.testng.TestNG.run(TestNG.java:1017)
at org.apache.maven.surefire.testng.TestNGExecutor.run(TestNGExecutor.java:281)
at org.apache.maven.surefire.testng.TestNGXmlTestSuite.execute(TestNGXmlTestSuite.java:75)
at org.apache.maven.surefire.testng.TestNGProvider.invoke(TestNGProvider.java:121)
at org.apache.maven.surefire.booter.ForkedBooter.invokeProviderInSameClassLoader(ForkedBooter.java:290)
at org.apache.maven.surefire.booter.ForkedBooter.runSuitesInProcess(ForkedBooter.java:242)
at org.apache.maven.surefire.booter.ForkedBooter.main(ForkedBooter.java:121)
]]>
            </full-stacktrace>
          </exception> <!-- java.lang.Error -->
          <reporter-output>
          </reporter-output>
        </test-method> <!-- login -->
        <test-method status="PASS" signature="endprocess()[pri:0, instance:com.automation.ecommerce.Ecommerce.TC001_login@1dfe2924]" name="endprocess" is-config="true" duration-ms="2" started-at="2018-06-01T07:13:56Z" finished-at="2018-06-01T07:13:56Z">
          <reporter-output>
          </reporter-output>
        </test-method> <!-- endprocess -->
      </class> <!-- com.automation.ecommerce.Ecommerce.TC001_login -->
    </test> <!-- Test -->
  </suite> <!-- Suite -->
</testng-results>
