<?xml version="1.0" encoding="UTF-8"?>
<testng-results skipped="0" failed="0" ignored="0" total="1" passed="1">
  <reporter-output>
  </reporter-output>
  <suite name="Suite" duration-ms="167657" started-at="2018-06-01T06:42:51Z" finished-at="2018-06-01T06:45:39Z">
    <groups>
    </groups>
    <test name="Test" duration-ms="167657" started-at="2018-06-01T06:42:51Z" finished-at="2018-06-01T06:45:39Z">
      <class name="com.automation.ecommerce.Ecommerce.TC001_login">
        <test-method status="PASS" signature="startprocess(java.lang.String)[pri:0, instance:com.automation.ecommerce.Ecommerce.TC001_login@13c27452]" name="startprocess" is-config="true" duration-ms="131527" started-at="2018-06-01T06:42:51Z" finished-at="2018-06-01T06:45:03Z">
          <params>
            <param index="0">
              <value>
                <![CDATA[chrome]]>
              </value>
            </param>
          </params>
          <reporter-output>
          </reporter-output>
        </test-method> <!-- startprocess -->
        <test-method status="PASS" signature="login()[pri:0, instance:com.automation.ecommerce.Ecommerce.TC001_login@13c27452]" name="login" duration-ms="36061" started-at="2018-06-01T06:45:03Z" finished-at="2018-06-01T06:45:39Z">
          <reporter-output>
          </reporter-output>
        </test-method> <!-- login -->
        <test-method status="PASS" signature="endprocess()[pri:0, instance:com.automation.ecommerce.Ecommerce.TC001_login@13c27452]" name="endprocess" is-config="true" duration-ms="1" started-at="2018-06-01T06:45:39Z" finished-at="2018-06-01T06:45:39Z">
          <reporter-output>
          </reporter-output>
        </test-method> <!-- endprocess -->
      </class> <!-- com.automation.ecommerce.Ecommerce.TC001_login -->
    </test> <!-- Test -->
  </suite> <!-- Suite -->
</testng-results>
